<?xml version="1.0" encoding="UTF-8"?>
<!-- Generated by org.testng.reporters.JUnitXMLReporter -->
<testsuite ignored="0" hostname="LAPTOP-NMFO0EJL" failures="1" tests="3" name="Smoke Test" time="0.045" errors="0" timestamp="2020-06-12T21:13:13 EDT">
  <testcase classname="com.test.TestNG_Basic" name="@BeforeMethod openB" time="-1.592010793123E9">
    <failure type="org.testng.TestNGException" message="
Parameter &amp;apos;url&amp;apos; is required by BeforeMethod on method openB but has not been marked @Optional or defined
in C:\Users\jamir\Desktop\OSA1221201905A\TestNG_02\TestNG_02.xml">
      <![CDATA[org.testng.TestNGException: 
Parameter 'url' is required by BeforeMethod on method openB but has not been marked @Optional or defined
in C:\Users\jamir\Desktop\OSA1221201905A\TestNG_02\TestNG_02.xml
at java.base/java.util.ArrayList.forEach(ArrayList.java:1507)
... Removed 28 stack frames]]>
    </failure>
  </testcase> <!-- @BeforeMethod openB -->
  <testcase classname="com.test.TestNG_Basic" name="@AfterMethod closeB" time="-1.592010793135E9">
    <skipped/>
  </testcase> <!-- @AfterMethod closeB -->
  <testcase classname="com.test.TestNG_Basic" name="@BeforeMethod openB" time="-1.592010793137E9">
    <skipped/>
  </testcase> <!-- @BeforeMethod openB -->
  <testcase classname="com.test.TestNG_Basic" name="@AfterMethod closeB" time="-1.59201079314E9">
    <skipped/>
  </testcase> <!-- @AfterMethod closeB -->
  <testcase classname="com.test.TestNG_Basic" name="OSATitleTest" time="0.0">
    <skipped/>
  </testcase> <!-- OSATitleTest -->
  <testcase classname="com.test.TestNG_Basic" name="OSALogoTest" time="0.0">
    <skipped/>
  </testcase> <!-- OSALogoTest -->
  <testcase classname="com.test.TestNG_Basic" name="ForumLoginTest" time="0.0">
    <failure type="org.testng.TestNGException" message="
Parameter &amp;apos;username&amp;apos; is required by @Test on method ForumLoginTest but has not been marked @Optional or defined
in C:\Users\jamir\Desktop\OSA1221201905A\TestNG_02\TestNG_02.xml">
      <![CDATA[org.testng.TestNGException: 
Parameter 'username' is required by @Test on method ForumLoginTest but has not been marked @Optional or defined
in C:\Users\jamir\Desktop\OSA1221201905A\TestNG_02\TestNG_02.xml
at java.base/java.util.ArrayList.forEach(ArrayList.java:1507)
... Removed 26 stack frames]]>
    </failure>
  </testcase> <!-- ForumLoginTest -->
</testsuite> <!-- Smoke Test -->
